<?xml version="1.0" encoding="UTF-8"?>
<testsuite name="com.crud.tasks.TasksApplicationTests" tests="1" skipped="0" failures="0" errors="0" timestamp="2020-09-27T21:10:30" hostname="Hamonnahs-MacBook-Air.local" time="0.557">
  <properties/>
  <testcase name="contextLoads()" classname="com.crud.tasks.TasksApplicationTests" time="0.557"/>
  <system-out><![CDATA[23:10:27.548 [Test worker] DEBUG org.springframework.test.context.BootstrapUtils - Instantiating CacheAwareContextLoaderDelegate from class [org.springframework.test.context.cache.DefaultCacheAwareContextLoaderDelegate]
23:10:27.566 [Test worker] DEBUG org.springframework.test.context.BootstrapUtils - Instantiating BootstrapContext using constructor [public org.springframework.test.context.support.DefaultBootstrapContext(java.lang.Class,org.springframework.test.context.CacheAwareContextLoaderDelegate)]
23:10:27.603 [Test worker] DEBUG org.springframework.test.context.BootstrapUtils - Instantiating TestContextBootstrapper for test class [com.crud.tasks.TasksApplicationTests] from class [org.springframework.boot.test.context.SpringBootTestContextBootstrapper]
23:10:27.638 [Test worker] INFO org.springframework.boot.test.context.SpringBootTestContextBootstrapper - Neither @ContextConfiguration nor @ContextHierarchy found for test class [com.crud.tasks.TasksApplicationTests], using SpringBootContextLoader
23:10:27.643 [Test worker] DEBUG org.springframework.test.context.support.AbstractContextLoader - Did not detect default resource location for test class [com.crud.tasks.TasksApplicationTests]: class path resource [com/crud/tasks/TasksApplicationTests-context.xml] does not exist
23:10:27.643 [Test worker] DEBUG org.springframework.test.context.support.AbstractContextLoader - Did not detect default resource location for test class [com.crud.tasks.TasksApplicationTests]: class path resource [com/crud/tasks/TasksApplicationTestsContext.groovy] does not exist
23:10:27.644 [Test worker] INFO org.springframework.test.context.support.AbstractContextLoader - Could not detect default resource locations for test class [com.crud.tasks.TasksApplicationTests]: no resource found for suffixes {-context.xml, Context.groovy}.
23:10:27.646 [Test worker] INFO org.springframework.test.context.support.AnnotationConfigContextLoaderUtils - Could not detect default configuration classes for test class [com.crud.tasks.TasksApplicationTests]: TasksApplicationTests does not declare any static, non-private, non-final, nested classes annotated with @Configuration.
23:10:27.733 [Test worker] DEBUG org.springframework.test.context.support.ActiveProfilesUtils - Could not find an 'annotation declaring class' for annotation type [org.springframework.test.context.ActiveProfiles] and class [com.crud.tasks.TasksApplicationTests]
23:10:27.827 [Test worker] DEBUG org.springframework.context.annotation.ClassPathScanningCandidateComponentProvider - Identified candidate component class: file [/Users/hamonnah/Documents/Development/Projects/tasks/build/classes/java/main/com/crud/tasks/TasksApplication.class]
23:10:27.829 [Test worker] INFO org.springframework.boot.test.context.SpringBootTestContextBootstrapper - Found @SpringBootConfiguration com.crud.tasks.TasksApplication for test class com.crud.tasks.TasksApplicationTests
23:10:27.975 [Test worker] DEBUG org.springframework.boot.test.context.SpringBootTestContextBootstrapper - @TestExecutionListeners is not present for class [com.crud.tasks.TasksApplicationTests]: using defaults.
23:10:27.977 [Test worker] INFO org.springframework.boot.test.context.SpringBootTestContextBootstrapper - Loaded default TestExecutionListener class names from location [META-INF/spring.factories]: [org.springframework.boot.test.autoconfigure.restdocs.RestDocsTestExecutionListener, org.springframework.boot.test.autoconfigure.web.client.MockRestServiceServerResetTestExecutionListener, org.springframework.boot.test.autoconfigure.web.servlet.MockMvcPrintOnlyOnFailureTestExecutionListener, org.springframework.boot.test.autoconfigure.web.servlet.WebDriverTestExecutionListener, org.springframework.boot.test.autoconfigure.webservices.client.MockWebServiceServerTestExecutionListener, org.springframework.boot.test.mock.mockito.MockitoTestExecutionListener, org.springframework.boot.test.mock.mockito.ResetMocksTestExecutionListener, org.springframework.test.context.web.ServletTestExecutionListener, org.springframework.test.context.support.DirtiesContextBeforeModesTestExecutionListener, org.springframework.test.context.support.DependencyInjectionTestExecutionListener, org.springframework.test.context.support.DirtiesContextTestExecutionListener, org.springframework.test.context.transaction.TransactionalTestExecutionListener, org.springframework.test.context.jdbc.SqlScriptsTestExecutionListener, org.springframework.test.context.event.EventPublishingTestExecutionListener]
23:10:28.003 [Test worker] DEBUG org.springframework.boot.test.context.SpringBootTestContextBootstrapper - Skipping candidate TestExecutionListener [org.springframework.test.context.transaction.TransactionalTestExecutionListener] due to a missing dependency. Specify custom listener classes or make the default listener classes and their required dependencies available. Offending class: [org/springframework/transaction/TransactionDefinition]
23:10:28.004 [Test worker] DEBUG org.springframework.boot.test.context.SpringBootTestContextBootstrapper - Skipping candidate TestExecutionListener [org.springframework.test.context.jdbc.SqlScriptsTestExecutionListener] due to a missing dependency. Specify custom listener classes or make the default listener classes and their required dependencies available. Offending class: [org/springframework/transaction/interceptor/TransactionAttribute]
23:10:28.005 [Test worker] INFO org.springframework.boot.test.context.SpringBootTestContextBootstrapper - Using TestExecutionListeners: [org.springframework.test.context.web.ServletTestExecutionListener@3ee6ac08, org.springframework.test.context.support.DirtiesContextBeforeModesTestExecutionListener@5eea7763, org.springframework.boot.test.mock.mockito.MockitoTestExecutionListener@69c743b2, org.springframework.boot.test.autoconfigure.SpringBootDependencyInjectionTestExecutionListener@75029ed3, org.springframework.test.context.support.DirtiesContextTestExecutionListener@7e0fea97, org.springframework.test.context.event.EventPublishingTestExecutionListener@73d3db5a, org.springframework.boot.test.autoconfigure.restdocs.RestDocsTestExecutionListener@20dacc41, org.springframework.boot.test.autoconfigure.web.client.MockRestServiceServerResetTestExecutionListener@41cf3a8f, org.springframework.boot.test.autoconfigure.web.servlet.MockMvcPrintOnlyOnFailureTestExecutionListener@40952b73, org.springframework.boot.test.autoconfigure.web.servlet.WebDriverTestExecutionListener@2df13130, org.springframework.boot.test.autoconfigure.webservices.client.MockWebServiceServerTestExecutionListener@5bbf580b, org.springframework.boot.test.mock.mockito.ResetMocksTestExecutionListener@631c0ab1]
23:10:28.016 [Test worker] DEBUG org.springframework.test.context.support.AbstractDirtiesContextTestExecutionListener - Before test class: context [DefaultTestContext@1872369b testClass = TasksApplicationTests, testInstance = [null], testMethod = [null], testException = [null], mergedContextConfiguration = [WebMergedContextConfiguration@56917575 testClass = TasksApplicationTests, locations = '{}', classes = '{class com.crud.tasks.TasksApplication}', contextInitializerClasses = '[]', activeProfiles = '{}', propertySourceLocations = '{}', propertySourceProperties = '{org.springframework.boot.test.context.SpringBootTestContextBootstrapper=true}', contextCustomizers = set[org.springframework.boot.test.autoconfigure.properties.PropertyMappingContextCustomizer@0, org.springframework.boot.test.autoconfigure.web.servlet.WebDriverContextCustomizerFactory$Customizer@646b6acf, org.springframework.boot.test.context.filter.ExcludeFilterContextCustomizer@63729332, org.springframework.boot.test.json.DuplicateJsonObjectContextCustomizerFactory$DuplicateJsonObjectContextCustomizer@74058c56, org.springframework.boot.test.mock.mockito.MockitoContextCustomizer@0, org.springframework.boot.test.web.client.TestRestTemplateContextCustomizer@15caa101, org.springframework.boot.test.context.SpringBootTestArgs@1], resourceBasePath = 'src/main/webapp', contextLoader = 'org.springframework.boot.test.context.SpringBootContextLoader', parent = [null]], attributes = map['org.springframework.test.context.web.ServletTestExecutionListener.activateListener' -> true]], class annotated with @DirtiesContext [false] with mode [null].
23:10:28.065 [Test worker] DEBUG org.springframework.test.context.support.TestPropertySourceUtils - Adding inlined properties to environment: {spring.jmx.enabled=false, org.springframework.boot.test.context.SpringBootTestContextBootstrapper=true}

  .   ____          _            __ _ _
 /\\ / ___'_ __ _ _(_)_ __  __ _ \ \ \ \
( ( )\___ | '_ | '_| | '_ \/ _` | \ \ \ \
 \\/  ___)| |_)| | | | | || (_| |  ) ) ) )
  '  |____| .__|_| |_|_| |_\__, | / / / /
 =========|_|==============|___/=/_/_/_/
 :: Spring Boot ::        (v2.3.3.RELEASE)

2020-09-27 23:10:28.454  INFO 8266 --- [    Test worker] com.crud.tasks.TasksApplicationTests     : Starting TasksApplicationTests on Hamonnahs-MacBook-Air.local with PID 8266 (started by hamonnah in /Users/hamonnah/Documents/Development/Projects/tasks)
2020-09-27 23:10:28.458  INFO 8266 --- [    Test worker] com.crud.tasks.TasksApplicationTests     : No active profile set, falling back to default profiles: default
2020-09-27 23:10:30.186  INFO 8266 --- [    Test worker] o.s.s.concurrent.ThreadPoolTaskExecutor  : Initializing ExecutorService 'applicationTaskExecutor'
2020-09-27 23:10:30.648  INFO 8266 --- [    Test worker] com.crud.tasks.TasksApplicationTests     : Started TasksApplicationTests in 2.565 seconds (JVM running for 4.283)
]]></system-out>
  <system-err><![CDATA[]]></system-err>
</testsuite>
