<?xml version="1.0" encoding="UTF-8"?>
<testsuite name="com.crud.tasks.TasksApplicationTests" tests="1" skipped="0" failures="0" errors="0" timestamp="2020-10-08T07:08:56" hostname="Hamonnahs-MacBook-Air.local" time="0.159">
  <properties/>
  <testcase name="contextLoads()" classname="com.crud.tasks.TasksApplicationTests" time="0.159"/>
  <system-out><![CDATA[09:08:50.446 [Test worker] DEBUG org.springframework.test.context.BootstrapUtils - Instantiating CacheAwareContextLoaderDelegate from class [org.springframework.test.context.cache.DefaultCacheAwareContextLoaderDelegate]
09:08:50.466 [Test worker] DEBUG org.springframework.test.context.BootstrapUtils - Instantiating BootstrapContext using constructor [public org.springframework.test.context.support.DefaultBootstrapContext(java.lang.Class,org.springframework.test.context.CacheAwareContextLoaderDelegate)]
09:08:50.509 [Test worker] DEBUG org.springframework.test.context.BootstrapUtils - Instantiating TestContextBootstrapper for test class [com.crud.tasks.TasksApplicationTests] from class [org.springframework.boot.test.context.SpringBootTestContextBootstrapper]
09:08:50.545 [Test worker] INFO org.springframework.boot.test.context.SpringBootTestContextBootstrapper - Neither @ContextConfiguration nor @ContextHierarchy found for test class [com.crud.tasks.TasksApplicationTests], using SpringBootContextLoader
09:08:50.550 [Test worker] DEBUG org.springframework.test.context.support.AbstractContextLoader - Did not detect default resource location for test class [com.crud.tasks.TasksApplicationTests]: class path resource [com/crud/tasks/TasksApplicationTests-context.xml] does not exist
09:08:50.550 [Test worker] DEBUG org.springframework.test.context.support.AbstractContextLoader - Did not detect default resource location for test class [com.crud.tasks.TasksApplicationTests]: class path resource [com/crud/tasks/TasksApplicationTestsContext.groovy] does not exist
09:08:50.551 [Test worker] INFO org.springframework.test.context.support.AbstractContextLoader - Could not detect default resource locations for test class [com.crud.tasks.TasksApplicationTests]: no resource found for suffixes {-context.xml, Context.groovy}.
09:08:50.553 [Test worker] INFO org.springframework.test.context.support.AnnotationConfigContextLoaderUtils - Could not detect default configuration classes for test class [com.crud.tasks.TasksApplicationTests]: TasksApplicationTests does not declare any static, non-private, non-final, nested classes annotated with @Configuration.
09:08:50.634 [Test worker] DEBUG org.springframework.test.context.support.ActiveProfilesUtils - Could not find an 'annotation declaring class' for annotation type [org.springframework.test.context.ActiveProfiles] and class [com.crud.tasks.TasksApplicationTests]
09:08:50.733 [Test worker] DEBUG org.springframework.context.annotation.ClassPathScanningCandidateComponentProvider - Identified candidate component class: file [/Users/hamonnah/Documents/Development/Projects/tasks/build/classes/java/main/com/crud/tasks/TasksApplication.class]
09:08:50.735 [Test worker] INFO org.springframework.boot.test.context.SpringBootTestContextBootstrapper - Found @SpringBootConfiguration com.crud.tasks.TasksApplication for test class com.crud.tasks.TasksApplicationTests
09:08:50.868 [Test worker] DEBUG org.springframework.boot.test.context.SpringBootTestContextBootstrapper - @TestExecutionListeners is not present for class [com.crud.tasks.TasksApplicationTests]: using defaults.
09:08:50.869 [Test worker] INFO org.springframework.boot.test.context.SpringBootTestContextBootstrapper - Loaded default TestExecutionListener class names from location [META-INF/spring.factories]: [org.springframework.boot.test.autoconfigure.restdocs.RestDocsTestExecutionListener, org.springframework.boot.test.autoconfigure.web.client.MockRestServiceServerResetTestExecutionListener, org.springframework.boot.test.autoconfigure.web.servlet.MockMvcPrintOnlyOnFailureTestExecutionListener, org.springframework.boot.test.autoconfigure.web.servlet.WebDriverTestExecutionListener, org.springframework.boot.test.autoconfigure.webservices.client.MockWebServiceServerTestExecutionListener, org.springframework.boot.test.mock.mockito.MockitoTestExecutionListener, org.springframework.boot.test.mock.mockito.ResetMocksTestExecutionListener, org.springframework.test.context.web.ServletTestExecutionListener, org.springframework.test.context.support.DirtiesContextBeforeModesTestExecutionListener, org.springframework.test.context.support.DependencyInjectionTestExecutionListener, org.springframework.test.context.support.DirtiesContextTestExecutionListener, org.springframework.test.context.transaction.TransactionalTestExecutionListener, org.springframework.test.context.jdbc.SqlScriptsTestExecutionListener, org.springframework.test.context.event.EventPublishingTestExecutionListener]
09:08:50.903 [Test worker] INFO org.springframework.boot.test.context.SpringBootTestContextBootstrapper - Using TestExecutionListeners: [org.springframework.test.context.web.ServletTestExecutionListener@6700e426, org.springframework.test.context.support.DirtiesContextBeforeModesTestExecutionListener@732d4bfe, org.springframework.boot.test.mock.mockito.MockitoTestExecutionListener@6e85d3fe, org.springframework.boot.test.autoconfigure.SpringBootDependencyInjectionTestExecutionListener@1e87d031, org.springframework.test.context.support.DirtiesContextTestExecutionListener@7e463613, org.springframework.test.context.transaction.TransactionalTestExecutionListener@672df09e, org.springframework.test.context.jdbc.SqlScriptsTestExecutionListener@27f7c5a6, org.springframework.test.context.event.EventPublishingTestExecutionListener@7518f31, org.springframework.boot.test.autoconfigure.restdocs.RestDocsTestExecutionListener@48e8d766, org.springframework.boot.test.autoconfigure.web.client.MockRestServiceServerResetTestExecutionListener@404977e5, org.springframework.boot.test.autoconfigure.web.servlet.MockMvcPrintOnlyOnFailureTestExecutionListener@598a50bf, org.springframework.boot.test.autoconfigure.web.servlet.WebDriverTestExecutionListener@522974b8, org.springframework.boot.test.autoconfigure.webservices.client.MockWebServiceServerTestExecutionListener@5c74da7c, org.springframework.boot.test.mock.mockito.ResetMocksTestExecutionListener@57896848]
09:08:50.910 [Test worker] DEBUG org.springframework.test.context.support.AbstractDirtiesContextTestExecutionListener - Before test class: context [DefaultTestContext@45681055 testClass = TasksApplicationTests, testInstance = [null], testMethod = [null], testException = [null], mergedContextConfiguration = [WebMergedContextConfiguration@40aac9f8 testClass = TasksApplicationTests, locations = '{}', classes = '{class com.crud.tasks.TasksApplication}', contextInitializerClasses = '[]', activeProfiles = '{}', propertySourceLocations = '{}', propertySourceProperties = '{org.springframework.boot.test.context.SpringBootTestContextBootstrapper=true}', contextCustomizers = set[org.springframework.boot.test.autoconfigure.properties.PropertyMappingContextCustomizer@0, org.springframework.boot.test.autoconfigure.web.servlet.WebDriverContextCustomizerFactory$Customizer@2c24b20a, org.springframework.boot.test.context.filter.ExcludeFilterContextCustomizer@6d0ae56c, org.springframework.boot.test.json.DuplicateJsonObjectContextCustomizerFactory$DuplicateJsonObjectContextCustomizer@2915a4ec, org.springframework.boot.test.mock.mockito.MockitoContextCustomizer@0, org.springframework.boot.test.web.client.TestRestTemplateContextCustomizer@700455da, org.springframework.boot.test.context.SpringBootTestArgs@1], resourceBasePath = 'src/main/webapp', contextLoader = 'org.springframework.boot.test.context.SpringBootContextLoader', parent = [null]], attributes = map['org.springframework.test.context.web.ServletTestExecutionListener.activateListener' -> true]], class annotated with @DirtiesContext [false] with mode [null].
09:08:50.953 [Test worker] DEBUG org.springframework.test.context.support.TestPropertySourceUtils - Adding inlined properties to environment: {spring.jmx.enabled=false, org.springframework.boot.test.context.SpringBootTestContextBootstrapper=true}

  .   ____          _            __ _ _
 /\\ / ___'_ __ _ _(_)_ __  __ _ \ \ \ \
( ( )\___ | '_ | '_| | '_ \/ _` | \ \ \ \
 \\/  ___)| |_)| | | | | || (_| |  ) ) ) )
  '  |____| .__|_| |_|_| |_\__, | / / / /
 =========|_|==============|___/=/_/_/_/
 :: Spring Boot ::        (v2.3.4.RELEASE)

2020-10-08 09:08:51.523  INFO 1225 --- [    Test worker] com.crud.tasks.TasksApplicationTests     : Starting TasksApplicationTests on Hamonnahs-MacBook-Air.local with PID 1225 (started by hamonnah in /Users/hamonnah/Documents/Development/Projects/tasks)
2020-10-08 09:08:51.526  INFO 1225 --- [    Test worker] com.crud.tasks.TasksApplicationTests     : No active profile set, falling back to default profiles: default
2020-10-08 09:08:52.505  INFO 1225 --- [    Test worker] .s.d.r.c.RepositoryConfigurationDelegate : Bootstrapping Spring Data JPA repositories in DEFERRED mode.
2020-10-08 09:08:52.625  INFO 1225 --- [    Test worker] .s.d.r.c.RepositoryConfigurationDelegate : Finished Spring Data repository scanning in 103ms. Found 1 JPA repository interfaces.
2020-10-08 09:08:53.605  INFO 1225 --- [    Test worker] o.s.s.concurrent.ThreadPoolTaskExecutor  : Initializing ExecutorService 'applicationTaskExecutor'
2020-10-08 09:08:53.712  INFO 1225 --- [         task-1] o.hibernate.jpa.internal.util.LogHelper  : HHH000204: Processing PersistenceUnitInfo [name: default]
2020-10-08 09:08:53.813  INFO 1225 --- [         task-1] org.hibernate.Version                    : HHH000412: Hibernate ORM core version 5.4.21.Final
2020-10-08 09:08:54.225  INFO 1225 --- [         task-1] o.hibernate.annotations.common.Version   : HCANN000001: Hibernate Commons Annotations {5.1.0.Final}
2020-10-08 09:08:54.264  WARN 1225 --- [    Test worker] JpaBaseConfiguration$JpaWebConfiguration : spring.jpa.open-in-view is enabled by default. Therefore, database queries may be performed during view rendering. Explicitly configure spring.jpa.open-in-view to disable this warning
2020-10-08 09:08:54.459  INFO 1225 --- [         task-1] com.zaxxer.hikari.HikariDataSource       : HikariPool-1 - Starting...
2020-10-08 09:08:54.816  INFO 1225 --- [         task-1] com.zaxxer.hikari.HikariDataSource       : HikariPool-1 - Start completed.
2020-10-08 09:08:54.860  INFO 1225 --- [         task-1] org.hibernate.dialect.Dialect            : HHH000400: Using dialect: org.hibernate.dialect.MySQL5Dialect
2020-10-08 09:08:55.733  INFO 1225 --- [    Test worker] DeferredRepositoryInitializationListener : Triggering deferred initialization of Spring Data repositories…
2020-10-08 09:08:56.326  INFO 1225 --- [         task-1] o.h.e.t.j.p.i.JtaPlatformInitiator       : HHH000490: Using JtaPlatform implementation: [org.hibernate.engine.transaction.jta.platform.internal.NoJtaPlatform]
2020-10-08 09:08:56.342  INFO 1225 --- [         task-1] j.LocalContainerEntityManagerFactoryBean : Initialized JPA EntityManagerFactory for persistence unit 'default'
2020-10-08 09:08:56.661  INFO 1225 --- [    Test worker] DeferredRepositoryInitializationListener : Spring Data repositories initialized!
2020-10-08 09:08:56.677  INFO 1225 --- [    Test worker] com.crud.tasks.TasksApplicationTests     : Started TasksApplicationTests in 5.707 seconds (JVM running for 7.53)
]]></system-out>
  <system-err><![CDATA[]]></system-err>
</testsuite>
